20:16:04.739 [main] INFO  - C 20210604 Has logged in 
20:16:15.700 [main] INFO  - 20210604 Withdrawed 2.0
20:16:23.389 [main] INFO  - 20210604 Deposited 200.0
21:02:05.869 [main] INFO  - 20210604 Logged In!!
21:02:05.873 [main] INFO  - C 20210604 Has logged in 
21:03:02.648 [main] INFO  - 20210604 Logged In!!
21:03:02.651 [main] INFO  - C 20210604 Has logged in 
21:07:57.758 [main] INFO  - 20210604 Logged In!!
21:07:57.761 [main] INFO  - C 20210604 Has logged in 
21:10:28.343 [main] INFO  - 20210604 Logged In!!
21:10:28.345 [main] INFO  - C 20210604 Has logged in 
21:11:39.662 [main] INFO  - 20210605 Logged In!!
21:11:39.664 [main] INFO  - E 20210605 Has logged in 
21:13:50.441 [main] INFO  - 20210604 Logged In!!
21:13:50.444 [main] INFO  - C 20210604 Has logged in 
21:16:14.592 [main] INFO  - 20210604 Logged In!!
21:16:14.596 [main] INFO  - C 20210604 Has logged in 
21:24:46.825 [main] INFO  - 20210604 Logged In!!
21:24:46.831 [main] INFO  - C 20210604 Has logged in 
21:59:49.913 [main] INFO  - 20210604 Logged In!!
21:59:49.948 [main] INFO  - C 20210604 Has logged in 
22:01:11.962 [main] INFO  - C 20210604 Has logged in 
22:04:32.034 [main] INFO  - 20210604 Logged In!!
22:04:32.037 [main] INFO  - C 20210604 Has logged in 
22:05:24.387 [main] INFO  - 20210604 Logged In!!
22:05:24.389 [main] INFO  - C 20210604 Has logged in 
22:08:04.577 [main] INFO  - 20210604 Logged In!!
22:08:04.580 [main] INFO  - C 20210604 Has logged in 
22:11:55.309 [main] INFO  - 20210604 Logged In!!
22:11:55.312 [main] INFO  - C 20210604 Has logged in 
22:12:31.878 [main] INFO  - 20210604 Logged In!!
22:12:31.881 [main] INFO  - C 20210604 Has logged in 
22:16:07.356 [main] INFO  - 20210604 Logged In!!
22:16:07.359 [main] INFO  - C 20210604 Has logged in 
22:17:40.629 [main] INFO  - 20210604 Logged In!!
22:17:40.633 [main] INFO  - C 20210604 Has logged in 
22:18:29.574 [main] INFO  - 20210604 Logged In!!
22:18:29.577 [main] INFO  - C 20210604 Has logged in 
22:18:47.698 [main] INFO  - 20210604 Sent 20210603 200.0
22:19:11.472 [main] INFO  - 20210604 Logged Out!!
22:20:54.314 [main] INFO  - E 20210605 Has logged in 
22:22:33.843 [main] INFO  - E 20210605 Has logged in 
13:12:52.882 [main] INFO  - 20210604 Deposited 4.5
13:16:06.977 [main] INFO  - 20210604 Deposited 4.5
13:17:19.886 [main] INFO  - 20210604 Deposited 4.5
13:18:47.215 [main] INFO  - 20210604 Withdrawed 4.5
13:19:49.178 [main] INFO  - 20210604 Deposited 4.5
13:23:12.989 [main] INFO  - 20210604 Deposited 4.5
13:23:15.509 [main] INFO  - 20210604 Sent 20210603 100.0
13:25:09.288 [main] INFO  - 20210604 Deposited 4.5
13:25:11.718 [main] INFO  - 20210604 Sent 20210603 100.0
13:25:35.693 [main] INFO  - 20210604 Deposited 4.5
13:25:38.193 [main] INFO  - 20210604 Sent 20210603 100.0
15:46:20.060 [main] INFO  - E 20210605 Has logged in 
15:51:59.943 [main] INFO  - C 20210604 Has logged in 
15:52:35.061 [main] INFO  - 20210604 Deposited 1000.0
15:52:47.072 [main] INFO  - 20210604 Withdrawed 500.0
15:53:39.921 [main] INFO  - 20210604 Sent 20210603 200.0
15:54:29.511 [main] INFO  - 20210604 Logged Out!!
15:55:09.078 [main] INFO  - E 20210605 Has logged in 
15:55:52.676 [main] INFO  - E 20210605 Has logged in 
15:56:46.337 [main] INFO  - 20210604 Deposited 4.5
15:56:49.051 [main] INFO  - 20210604 Sent 20210603 100.0
15:59:50.003 [main] INFO  - E 20210605 Has logged in 
